<?xml version="1.0" encoding="UTF-8"?>
<testsuite name="com.mediscreen.assessment.AssessmentModelTest" tests="2" skipped="0" failures="0" errors="0" timestamp="2022-04-22T13:13:58" hostname="iMac-de-Admin" time="0.155">
  <properties/>
  <testcase name="getNoteTest()" classname="com.mediscreen.assessment.AssessmentModelTest" time="0.149"/>
  <testcase name="getPatientTest()" classname="com.mediscreen.assessment.AssessmentModelTest" time="0.005"/>
  <system-out><![CDATA[
  .   ____          _            __ _ _
 /\\ / ___'_ __ _ _(_)_ __  __ _ \ \ \ \
( ( )\___ | '_ | '_| | '_ \/ _` | \ \ \ \
 \\/  ___)| |_)| | | | | || (_| |  ) ) ) )
  '  |____| .__|_| |_|_| |_\__, | / / / /
 =========|_|==============|___/=/_/_/_/
 :: Spring Boot ::                (v2.6.5)

]]></system-out>
  <system-err><![CDATA[]]></system-err>
</testsuite>
